{"/home/actrox/Documents/Microverse- project to submit/Module-2/Testing-Practices/stringLenght.js": {"path":"/home/actrox/Documents/Microverse- project to submit/Module-2/Testing-Practices/stringLenght.js","statementMap":{"0":{"start":{"line":2,"column":4},"end":{"line":2,"column":22}},"1":{"start":{"line":5,"column":0},"end":{"line":5,"column":29}}},"fnMap":{"0":{"name":"stringLength","decl":{"start":{"line":1,"column":9},"end":{"line":1,"column":21}},"loc":{"start":{"line":1,"column":27},"end":{"line":3,"column":1}},"line":1}},"branchMap":{},"s":{"0":1,"1":1},"f":{"0":1},"b":{},"_coverageSchema":"1a1c01bbd47fc00a2c39e90264f33305004495a9","hash":"0fcee23a1494f42d8bbe931add9121e7490dcc20"}
}
