{"/home/actrox/Documents/Microverse- project to submit/Module-2/Testing-Practices/reverseString.js": {"path":"/home/actrox/Documents/Microverse- project to submit/Module-2/Testing-Practices/reverseString.js","statementMap":{"0":{"start":{"line":3,"column":4},"end":{"line":3,"column":44}},"1":{"start":{"line":6,"column":0},"end":{"line":6,"column":30}}},"fnMap":{"0":{"name":"reverseString","decl":{"start":{"line":2,"column":9},"end":{"line":2,"column":22}},"loc":{"start":{"line":2,"column":27},"end":{"line":4,"column":1}},"line":2}},"branchMap":{},"s":{"0":2,"1":1},"f":{"0":2},"b":{},"_coverageSchema":"1a1c01bbd47fc00a2c39e90264f33305004495a9","hash":"dcfe4800aa607dd80756256b429bf1987e1b3f39"}
}
